
> news-site@0.1.0 build
> next build

▲ Next.js 16.1.6 (Turbopack)

  Creating an optimized production build ...
✓ Compiled successfully in 36.9s
  Running TypeScript ...
  Collecting page data using 1 worker ...
  Generating static pages using 1 worker (0/14) ...
  Generating static pages using 1 worker (3/14) 
  Generating static pages using 1 worker (6/14) 
  Generating static pages using 1 worker (10/14) 
✓ Generating static pages using 1 worker (14/14) in 827.5ms
  Finalizing page optimization ...

Route (app)
┌ ƒ /
├ ○ /_not-found
├ ○ /ads-guidance
├ ƒ /api/subscribe
├ ○ /author
├ ● /category/[slug]
│ ├ /category/politics
│ ├ /category/finance
│ ├ /category/tech
│ └ [+3 more paths]
├ ƒ /news/[slug]
├ ○ /privacy-policy
└ ƒ /studio/[[...tool]]


○  (Static)   prerendered as static content
●  (SSG)      prerendered as static HTML (uses generateStaticParams)
ƒ  (Dynamic)  server-rendered on demand

